<?xml version="1.0" encoding="UTF-8"?>
<Site BuildName="Win32-ninja"
	BuildStamp="20230820-2229-Experimental"
	Name="OrionGD-PC"
	Generator="ctest-3.26.0-rc4"
	CompilerName="C:/msys64/mingw64/bin/g++.exe"
	CompilerVersion="13.1.0"
	OSName="Windows"
	Hostname="OrionGD-PC"
	OSRelease=" Professional"
	OSVersion=" (Build 22621)"
	OSPlatform="AMD64"
	Is64Bits="1"
	VendorString="AuthenticAMD"
	VendorID="Advanced Micro Devices"
	FamilyID="15"
	ModelID="0"
	ProcessorCacheSize="64"
	NumberOfLogicalCPU="16"
	NumberOfPhysicalCPU="8"
	TotalVirtualMemory="30357"
	TotalPhysicalMemory="28565"
	LogicalProcessorsPerPhysical="2"
	ProcessorClockFrequency="3792"
	>
	<Testing>
		<StartDateTime>Aug 20 18:46 Eastern Daylight Time</StartDateTime>
		<StartTestTime>1692571573</StartTestTime>
		<TestList/>
		<EndDateTime>Aug 20 18:46 Eastern Daylight Time</EndDateTime>
		<EndTestTime>1692571573</EndTestTime>
		<ElapsedMinutes>0</ElapsedMinutes>
	</Testing>
</Site>
